flutter_application_1/android/app/build/intermediates/proguard-rules/release/aapt_rules.txt
# Referenced at merged_manifests\release\AndroidManifest.xml:22
-keep class androidx.core.app.CoreComponentFactory { <init>(); }
# Referenced at merged_manifests\release\AndroidManifest.xml:68
-keep class com.amap.api.location.APSService { <init>(); }
# Referenced at merged_manifests\release\AndroidManifest.xml:26
-keep class com.example.flutter_application_1.MainActivity { <init>(); }