flutter_application_1/android/app/build/outputs/mapping/release/mapping.txt
# compiler: R8
# compiler_version: 1.5.69
# min_api: 16
# pg_map_id: 0b5a913
...
androidx.arch.core.internal.SafeIterableMap$ListIterator -> a.b.a.a.f:
    androidx.arch.core.internal.SafeIterableMap$Entry mExpectedEnd -> a
    androidx.arch.core.internal.SafeIterableMap$Entry mNext -> b
    androidx.arch.core.internal.SafeIterableMap$Entry nextNode() -> a
    1:1:androidx.arch.core.internal.SafeIterableMap$Entry nextNode():0:0 -> a
    1:1:void supportRemove(androidx.arch.core.internal.SafeIterableMap$Entry):0 -> a
    2:2:void supportRemove(androidx.arch.core.internal.SafeIterableMap$Entry):0:0 -> a
    androidx.arch.core.internal.SafeIterableMap$Entry backward(androidx.arch.core.internal.SafeIterableMap$Entry) -> b
    androidx.arch.core.internal.SafeIterableMap$Entry forward(androidx.arch.core.internal.SafeIterableMap$Entry) -> c
    1:1:java.util.Map$Entry next():0:0 -> next
    1:1:java.lang.Object next():0 -> next
androidx.arch.core.internal.SafeIterableMap$SupportRemove -> a.b.a.a.g:
    void supportRemove(androidx.arch.core.internal.SafeIterableMap$Entry) -> a
androidx.collection.ArrayMap -> a.c.b:
    androidx.collection.MapCollections mCollections -> h
    androidx.collection.MapCollections getCollection() -> b
    1:1:java.util.Set androidx.collection.MapCollections.getEntrySet():0:0 -> entrySet
    1:1:java.util.Set androidx.collection.MapCollections.getEntrySet():0 -> entrySet
    1:1:java.util.Set entrySet():0 -> entrySet
    1:1:java.util.Set androidx.collection.MapCollections.getKeySet():0:0 -> keySet
    1:1:java.util.Set androidx.collection.MapCollections.getKeySet():0 -> keySet
    1:1:java.util.Set keySet():0 -> keySet
    1:1:java.util.Collection androidx.collection.MapCollections.getValues():0:0 -> values
    1:1:java.util.Collection androidx.collection.MapCollections.getValues():0 -> values
    1:1:java.util.Collection values():0 -> values
androidx.collection.ArrayMap$1 -> a.c.a:
    androidx.collection.MapCollections$KeySet androidx.collection.MapCollections.mKeySet -> b
    androidx.collection.MapCollections$ValuesCollection androidx.collection.MapCollections.mValues -> c
    androidx.collection.ArrayMap this$0 -> d
    androidx.collection.MapCollections$EntrySet androidx.collection.MapCollections.mEntrySet -> a
    1:1:void androidx.collection.MapCollections.<init>():0:0 -> <init>
    1:1:void <init>(androidx.collection.ArrayMap):0 -> <init>
    java.lang.Object colGetEntry(int,int) -> a
    int colIndexOfKey(java.lang.Object) -> a
    boolean androidx.collection.MapCollections.equalsSetHelper(java.util.Set,java.lang.Object) -> a
    1:1:int colGetSize():0:0 -> a
    1:1:java.lang.Object[] androidx.collection.MapCollections.toArrayHelper(int):0 -> a
    1:1:java.lang.Object[] androidx.collection.MapCollections.toArrayHelper(int):0 -> a
    2:2:java.lang.Object[] androidx.collection.MapCollections.toArrayHelper(int):0:0 -> a
    2:2:java.lang.Object[] androidx.collection.MapCollections.toArrayHelper(int):0 -> a
    3:3:int colGetSize():0:0 -> a
    3:3:java.lang.Object[] androidx.collection.MapCollections.toArrayHelper(java.lang.Object[],int):0 -> a
    3:3:java.lang.Object[] androidx.collection.MapCollections.toArrayHelper(java.lang.Object[],int):0 -> a
    4:4:java.lang.Object[] androidx.collection.MapCollections.toArrayHelper(java.lang.Object[],int):0:0 -> a
androidx.collection.ContainerHelpers -> a.c.c:
    java.lang.Object[] EMPTY_OBJECTS -> b
    int[] EMPTY_INTS -> a
    int binarySearch(int[],int,int) -> a
    boolean equal(java.lang.Object,java.lang.Object) -> a